INFO:RPA.Browser.Selenium:Webdriver version taken into use: ChromeDriver 123.0.6312.122 (31f8248cdd90acbac59f700b603fed0b5967ca50-refs/branch-heads/6312@{#824})

INFO:RobotFramework:Creating an instance of the Chrome WebDriver.
INFO:RPA.Browser.Selenium:Created Chrome browser (version 124.0.6367) with arguments: --disable-dev-shm-usage --disable-web-security --allow-running-insecure-content --no-sandbox
INFO:RobotFramework:<p>Attempted combinations:</p><div class="doc"><table><tr><th>Browser</th><th>Download</th><th>Error</th></tr><tr><td>Chrome</td><td>False</td><td></td></tr></table></div>
INFO:RobotFramework:Opening url 'https://www.nytimes.com/'
INFO:RobotFramework:Clicking button 'css:[data-testid='search-button']'.
INFO:RobotFramework:Typing text 'drake' into text field 'css:[data-testid='search-input']'.
INFO:RobotFramework:Sending key(s) ('ENTER',) to css:[data-testid='search-input'] element.
INFO:RobotFramework:Pressing special key ENTER to element.
INFO:RobotFramework:Releasing special key ENTER.
INFO:RobotFramework:Clicking element 'class:css-v7it2b'.
INFO:RobotFramework:Clicking element 'css:[value='newest']'.
INFO:RobotFramework:Executing JavaScript:
window.scrollTo(0, document.body.scrollHeight);
Without any arguments.
INFO:RobotFramework:Clicking button 'css:[data-testid='search-show-more-button']'.
INFO:RobotFramework:Executing JavaScript:
window.scrollTo(0, document.body.scrollHeight);
Without any arguments.
INFO:RobotFramework:Clicking button 'css:[data-testid='search-show-more-button']'.
INFO:RPA.HTTP:Creating a new HTTP session
INFO:RobotFramework:Creating Session using : alias=rpasession_alias.httpsstatic01.nyt.com, url=https://static01.nyt.com, headers={},                     cookies={}, auth=None, timeout=None, proxies=None, verify=True,                     debug=0 
INFO:RPA.HTTP:Creating a new HTTP session
INFO:RobotFramework:Creating Session using : alias=rpasession_alias.httpsstatic01.nyt.com, url=https://static01.nyt.com, headers={},                     cookies={}, auth=None, timeout=None, proxies=None, verify=True,                     debug=0 
INFO:RPA.HTTP:Creating a new HTTP session
INFO:RobotFramework:Creating Session using : alias=rpasession_alias.httpsstatic01.nyt.com, url=https://static01.nyt.com, headers={},                     cookies={}, auth=None, timeout=None, proxies=None, verify=True,                     debug=0 
INFO:RPA.HTTP:Creating a new HTTP session
INFO:RobotFramework:Creating Session using : alias=rpasession_alias.httpsstatic01.nyt.com, url=https://static01.nyt.com, headers={},                     cookies={}, auth=None, timeout=None, proxies=None, verify=True,                     debug=0 
INFO:RPA.HTTP:Creating a new HTTP session
INFO:RobotFramework:Creating Session using : alias=rpasession_alias.httpsstatic01.nyt.com, url=https://static01.nyt.com, headers={},                     cookies={}, auth=None, timeout=None, proxies=None, verify=True,                     debug=0 
INFO:RPA.HTTP:Creating a new HTTP session
INFO:RobotFramework:Creating Session using : alias=rpasession_alias.httpsstatic01.nyt.com, url=https://static01.nyt.com, headers={},                     cookies={}, auth=None, timeout=None, proxies=None, verify=True,                     debug=0 
INFO:RPA.HTTP:Creating a new HTTP session
INFO:RobotFramework:Creating Session using : alias=rpasession_alias.httpsstatic01.nyt.com, url=https://static01.nyt.com, headers={},                     cookies={}, auth=None, timeout=None, proxies=None, verify=True,                     debug=0 
INFO:RPA.HTTP:Creating a new HTTP session
INFO:RobotFramework:Creating Session using : alias=rpasession_alias.httpsstatic01.nyt.com, url=https://static01.nyt.com, headers={},                     cookies={}, auth=None, timeout=None, proxies=None, verify=True,                     debug=0 
INFO:RPA.HTTP:Creating a new HTTP session
INFO:RobotFramework:Creating Session using : alias=rpasession_alias.httpsstatic01.nyt.com, url=https://static01.nyt.com, headers={},                     cookies={}, auth=None, timeout=None, proxies=None, verify=True,                     debug=0 
INFO:RPA.HTTP:Creating a new HTTP session
INFO:RobotFramework:Creating Session using : alias=rpasession_alias.httpsstatic01.nyt.com, url=https://static01.nyt.com, headers={},                     cookies={}, auth=None, timeout=None, proxies=None, verify=True,                     debug=0 
INFO:RPA.HTTP:Creating a new HTTP session
INFO:RobotFramework:Creating Session using : alias=rpasession_alias.httpsstatic01.nyt.com, url=https://static01.nyt.com, headers={},                     cookies={}, auth=None, timeout=None, proxies=None, verify=True,                     debug=0 
INFO:RPA.HTTP:Creating a new HTTP session
INFO:RobotFramework:Creating Session using : alias=rpasession_alias.httpsstatic01.nyt.com, url=https://static01.nyt.com, headers={},                     cookies={}, auth=None, timeout=None, proxies=None, verify=True,                     debug=0 
INFO:RPA.HTTP:Creating a new HTTP session
INFO:RobotFramework:Creating Session using : alias=rpasession_alias.httpsstatic01.nyt.com, url=https://static01.nyt.com, headers={},                     cookies={}, auth=None, timeout=None, proxies=None, verify=True,                     debug=0 
INFO:RPA.HTTP:Creating a new HTTP session
INFO:RobotFramework:Creating Session using : alias=rpasession_alias.httpsstatic01.nyt.com, url=https://static01.nyt.com, headers={},                     cookies={}, auth=None, timeout=None, proxies=None, verify=True,                     debug=0 
INFO:RPA.HTTP:Creating a new HTTP session
INFO:RobotFramework:Creating Session using : alias=rpasession_alias.httpsstatic01.nyt.com, url=https://static01.nyt.com, headers={},                     cookies={}, auth=None, timeout=None, proxies=None, verify=True,                     debug=0 
INFO:RPA.HTTP:Creating a new HTTP session
INFO:RobotFramework:Creating Session using : alias=rpasession_alias.httpsstatic01.nyt.com, url=https://static01.nyt.com, headers={},                     cookies={}, auth=None, timeout=None, proxies=None, verify=True,                     debug=0 
INFO:RPA.HTTP:Creating a new HTTP session
INFO:RobotFramework:Creating Session using : alias=rpasession_alias.httpsstatic01.nyt.com, url=https://static01.nyt.com, headers={},                     cookies={}, auth=None, timeout=None, proxies=None, verify=True,                     debug=0 
INFO:RPA.HTTP:Creating a new HTTP session
INFO:RobotFramework:Creating Session using : alias=rpasession_alias.httpsstatic01.nyt.com, url=https://static01.nyt.com, headers={},                     cookies={}, auth=None, timeout=None, proxies=None, verify=True,                     debug=0 
INFO:RPA.HTTP:Creating a new HTTP session
INFO:RobotFramework:Creating Session using : alias=rpasession_alias.httpsstatic01.nyt.com, url=https://static01.nyt.com, headers={},                     cookies={}, auth=None, timeout=None, proxies=None, verify=True,                     debug=0 
INFO:RPA.HTTP:Creating a new HTTP session
INFO:RobotFramework:Creating Session using : alias=rpasession_alias.httpsstatic01.nyt.com, url=https://static01.nyt.com, headers={},                     cookies={}, auth=None, timeout=None, proxies=None, verify=True,                     debug=0 
INFO:RPA.HTTP:Creating a new HTTP session
INFO:RobotFramework:Creating Session using : alias=rpasession_alias.httpsstatic01.nyt.com, url=https://static01.nyt.com, headers={},                     cookies={}, auth=None, timeout=None, proxies=None, verify=True,                     debug=0 
INFO:RPA.HTTP:Creating a new HTTP session
INFO:RobotFramework:Creating Session using : alias=rpasession_alias.httpsstatic01.nyt.com, url=https://static01.nyt.com, headers={},                     cookies={}, auth=None, timeout=None, proxies=None, verify=True,                     debug=0 
INFO:RPA.HTTP:Creating a new HTTP session
INFO:RobotFramework:Creating Session using : alias=rpasession_alias.httpsstatic01.nyt.com, url=https://static01.nyt.com, headers={},                     cookies={}, auth=None, timeout=None, proxies=None, verify=True,                     debug=0 
INFO:RPA.HTTP:Creating a new HTTP session
INFO:RobotFramework:Creating Session using : alias=rpasession_alias.httpsstatic01.nyt.com, url=https://static01.nyt.com, headers={},                     cookies={}, auth=None, timeout=None, proxies=None, verify=True,                     debug=0 
INFO:RPA.HTTP:Creating a new HTTP session
INFO:RobotFramework:Creating Session using : alias=rpasession_alias.httpsstatic01.nyt.com, url=https://static01.nyt.com, headers={},                     cookies={}, auth=None, timeout=None, proxies=None, verify=True,                     debug=0 
INFO:RPA.HTTP:Creating a new HTTP session
INFO:RobotFramework:Creating Session using : alias=rpasession_alias.httpsstatic01.nyt.com, url=https://static01.nyt.com, headers={},                     cookies={}, auth=None, timeout=None, proxies=None, verify=True,                     debug=0 
INFO:RPA.HTTP:Creating a new HTTP session
INFO:RobotFramework:Creating Session using : alias=rpasession_alias.httpsstatic01.nyt.com, url=https://static01.nyt.com, headers={},                     cookies={}, auth=None, timeout=None, proxies=None, verify=True,                     debug=0 
INFO:RPA.HTTP:Creating a new HTTP session
INFO:RobotFramework:Creating Session using : alias=rpasession_alias.httpsstatic01.nyt.com, url=https://static01.nyt.com, headers={},                     cookies={}, auth=None, timeout=None, proxies=None, verify=True,                     debug=0 
INFO:RPA.Browser.Selenium:Webdriver version taken into use: ChromeDriver 123.0.6312.122 (31f8248cdd90acbac59f700b603fed0b5967ca50-refs/branch-heads/6312@{#824})

INFO:RobotFramework:Creating an instance of the Chrome WebDriver.
INFO:RPA.Browser.Selenium:Created Chrome browser (version 124.0.6367) with arguments: --disable-dev-shm-usage --disable-web-security --allow-running-insecure-content --no-sandbox
INFO:RobotFramework:<p>Attempted combinations:</p><div class="doc"><table><tr><th>Browser</th><th>Download</th><th>Error</th></tr><tr><td>Chrome</td><td>False</td><td></td></tr></table></div>
INFO:RobotFramework:Opening url 'https://www.nytimes.com/'
INFO:RobotFramework:Clicking button 'css:[data-testid='search-button']'.
INFO:RobotFramework:Typing text 'drake' into text field 'css:[data-testid='search-input']'.
INFO:RobotFramework:Sending key(s) ('ENTER',) to css:[data-testid='search-input'] element.
INFO:RobotFramework:Pressing special key ENTER to element.
INFO:RobotFramework:Releasing special key ENTER.
INFO:RobotFramework:Clicking element 'class:css-v7it2b'.
INFO:RobotFramework:Clicking element 'css:[value='newest']'.
INFO:RobotFramework:Executing JavaScript:
window.scrollTo(0, document.body.scrollHeight);
Without any arguments.
INFO:RobotFramework:Clicking button 'css:[data-testid='search-show-more-button']'.
INFO:RobotFramework:Executing JavaScript:
window.scrollTo(0, document.body.scrollHeight);
Without any arguments.
INFO:RobotFramework:Clicking button 'css:[data-testid='search-show-more-button']'.
INFO:RPA.HTTP:Creating a new HTTP session
INFO:RobotFramework:Creating Session using : alias=rpasession_alias.httpsstatic01.nyt.com, url=https://static01.nyt.com, headers={},                     cookies={}, auth=None, timeout=None, proxies=None, verify=True,                     debug=0 
INFO:RPA.Browser.Selenium:Webdriver version taken into use: ChromeDriver 123.0.6312.122 (31f8248cdd90acbac59f700b603fed0b5967ca50-refs/branch-heads/6312@{#824})

INFO:RobotFramework:Creating an instance of the Chrome WebDriver.
INFO:RPA.Browser.Selenium:Created Chrome browser (version 124.0.6367) with arguments: --disable-dev-shm-usage --disable-web-security --allow-running-insecure-content --no-sandbox
INFO:RobotFramework:<p>Attempted combinations:</p><div class="doc"><table><tr><th>Browser</th><th>Download</th><th>Error</th></tr><tr><td>Chrome</td><td>False</td><td></td></tr></table></div>
INFO:RobotFramework:Opening url 'https://www.nytimes.com/'
INFO:RobotFramework:Clicking button 'css:[data-testid='search-button']'.
INFO:RobotFramework:Typing text 'drake' into text field 'css:[data-testid='search-input']'.
INFO:RobotFramework:Sending key(s) ('ENTER',) to css:[data-testid='search-input'] element.
INFO:RobotFramework:Pressing special key ENTER to element.
INFO:RobotFramework:Releasing special key ENTER.
INFO:RobotFramework:Clicking element 'class:css-v7it2b'.
INFO:RobotFramework:Clicking element 'css:[value='newest']'.
INFO:RobotFramework:Executing JavaScript:
window.scrollTo(0, document.body.scrollHeight);
Without any arguments.
INFO:RobotFramework:Clicking button 'css:[data-testid='search-show-more-button']'.
INFO:RobotFramework:Executing JavaScript:
window.scrollTo(0, document.body.scrollHeight);
Without any arguments.
INFO:RobotFramework:Clicking button 'css:[data-testid='search-show-more-button']'.
INFO:RPA.HTTP:Creating a new HTTP session
INFO:RobotFramework:Creating Session using : alias=rpasession_alias.httpsstatic01.nyt.com, url=https://static01.nyt.com, headers={},                     cookies={}, auth=None, timeout=None, proxies=None, verify=True,                     debug=0 
INFO:RPA.HTTP:Creating a new HTTP session
INFO:RobotFramework:Creating Session using : alias=rpasession_alias.httpsstatic01.nyt.com, url=https://static01.nyt.com, headers={},                     cookies={}, auth=None, timeout=None, proxies=None, verify=True,                     debug=0 
INFO:RPA.HTTP:Creating a new HTTP session
INFO:RobotFramework:Creating Session using : alias=rpasession_alias.httpsstatic01.nyt.com, url=https://static01.nyt.com, headers={},                     cookies={}, auth=None, timeout=None, proxies=None, verify=True,                     debug=0 
INFO:RPA.HTTP:Creating a new HTTP session
INFO:RobotFramework:Creating Session using : alias=rpasession_alias.httpsstatic01.nyt.com, url=https://static01.nyt.com, headers={},                     cookies={}, auth=None, timeout=None, proxies=None, verify=True,                     debug=0 
INFO:RPA.HTTP:Creating a new HTTP session
INFO:RobotFramework:Creating Session using : alias=rpasession_alias.httpsstatic01.nyt.com, url=https://static01.nyt.com, headers={},                     cookies={}, auth=None, timeout=None, proxies=None, verify=True,                     debug=0 
INFO:RPA.HTTP:Creating a new HTTP session
INFO:RobotFramework:Creating Session using : alias=rpasession_alias.httpsstatic01.nyt.com, url=https://static01.nyt.com, headers={},                     cookies={}, auth=None, timeout=None, proxies=None, verify=True,                     debug=0 
INFO:RPA.HTTP:Creating a new HTTP session
INFO:RobotFramework:Creating Session using : alias=rpasession_alias.httpsstatic01.nyt.com, url=https://static01.nyt.com, headers={},                     cookies={}, auth=None, timeout=None, proxies=None, verify=True,                     debug=0 
INFO:RPA.HTTP:Creating a new HTTP session
INFO:RobotFramework:Creating Session using : alias=rpasession_alias.httpsstatic01.nyt.com, url=https://static01.nyt.com, headers={},                     cookies={}, auth=None, timeout=None, proxies=None, verify=True,                     debug=0 
INFO:RPA.HTTP:Creating a new HTTP session
INFO:RobotFramework:Creating Session using : alias=rpasession_alias.httpsstatic01.nyt.com, url=https://static01.nyt.com, headers={},                     cookies={}, auth=None, timeout=None, proxies=None, verify=True,                     debug=0 
INFO:RPA.HTTP:Creating a new HTTP session
INFO:RobotFramework:Creating Session using : alias=rpasession_alias.httpsstatic01.nyt.com, url=https://static01.nyt.com, headers={},                     cookies={}, auth=None, timeout=None, proxies=None, verify=True,                     debug=0 
INFO:RPA.HTTP:Creating a new HTTP session
INFO:RobotFramework:Creating Session using : alias=rpasession_alias.httpsstatic01.nyt.com, url=https://static01.nyt.com, headers={},                     cookies={}, auth=None, timeout=None, proxies=None, verify=True,                     debug=0 
INFO:RPA.HTTP:Creating a new HTTP session
INFO:RobotFramework:Creating Session using : alias=rpasession_alias.httpsstatic01.nyt.com, url=https://static01.nyt.com, headers={},                     cookies={}, auth=None, timeout=None, proxies=None, verify=True,                     debug=0 
INFO:RPA.HTTP:Creating a new HTTP session
INFO:RobotFramework:Creating Session using : alias=rpasession_alias.httpsstatic01.nyt.com, url=https://static01.nyt.com, headers={},                     cookies={}, auth=None, timeout=None, proxies=None, verify=True,                     debug=0 
INFO:RPA.HTTP:Creating a new HTTP session
INFO:RobotFramework:Creating Session using : alias=rpasession_alias.httpsstatic01.nyt.com, url=https://static01.nyt.com, headers={},                     cookies={}, auth=None, timeout=None, proxies=None, verify=True,                     debug=0 
INFO:RPA.HTTP:Creating a new HTTP session
INFO:RobotFramework:Creating Session using : alias=rpasession_alias.httpsstatic01.nyt.com, url=https://static01.nyt.com, headers={},                     cookies={}, auth=None, timeout=None, proxies=None, verify=True,                     debug=0 
INFO:RPA.HTTP:Creating a new HTTP session
INFO:RobotFramework:Creating Session using : alias=rpasession_alias.httpsstatic01.nyt.com, url=https://static01.nyt.com, headers={},                     cookies={}, auth=None, timeout=None, proxies=None, verify=True,                     debug=0 
INFO:RPA.HTTP:Creating a new HTTP session
INFO:RobotFramework:Creating Session using : alias=rpasession_alias.httpsstatic01.nyt.com, url=https://static01.nyt.com, headers={},                     cookies={}, auth=None, timeout=None, proxies=None, verify=True,                     debug=0 
INFO:RPA.HTTP:Creating a new HTTP session
INFO:RobotFramework:Creating Session using : alias=rpasession_alias.httpsstatic01.nyt.com, url=https://static01.nyt.com, headers={},                     cookies={}, auth=None, timeout=None, proxies=None, verify=True,                     debug=0 
INFO:RPA.HTTP:Creating a new HTTP session
INFO:RobotFramework:Creating Session using : alias=rpasession_alias.httpsstatic01.nyt.com, url=https://static01.nyt.com, headers={},                     cookies={}, auth=None, timeout=None, proxies=None, verify=True,                     debug=0 
INFO:RPA.HTTP:Creating a new HTTP session
INFO:RobotFramework:Creating Session using : alias=rpasession_alias.httpsstatic01.nyt.com, url=https://static01.nyt.com, headers={},                     cookies={}, auth=None, timeout=None, proxies=None, verify=True,                     debug=0 
INFO:RPA.HTTP:Creating a new HTTP session
INFO:RobotFramework:Creating Session using : alias=rpasession_alias.httpsstatic01.nyt.com, url=https://static01.nyt.com, headers={},                     cookies={}, auth=None, timeout=None, proxies=None, verify=True,                     debug=0 
INFO:RPA.HTTP:Creating a new HTTP session
INFO:RobotFramework:Creating Session using : alias=rpasession_alias.httpsstatic01.nyt.com, url=https://static01.nyt.com, headers={},                     cookies={}, auth=None, timeout=None, proxies=None, verify=True,                     debug=0 
INFO:RPA.HTTP:Creating a new HTTP session
INFO:RobotFramework:Creating Session using : alias=rpasession_alias.httpsstatic01.nyt.com, url=https://static01.nyt.com, headers={},                     cookies={}, auth=None, timeout=None, proxies=None, verify=True,                     debug=0 
INFO:RPA.HTTP:Creating a new HTTP session
INFO:RobotFramework:Creating Session using : alias=rpasession_alias.httpsstatic01.nyt.com, url=https://static01.nyt.com, headers={},                     cookies={}, auth=None, timeout=None, proxies=None, verify=True,                     debug=0 
INFO:RPA.HTTP:Creating a new HTTP session
INFO:RobotFramework:Creating Session using : alias=rpasession_alias.httpsstatic01.nyt.com, url=https://static01.nyt.com, headers={},                     cookies={}, auth=None, timeout=None, proxies=None, verify=True,                     debug=0 
INFO:RPA.HTTP:Creating a new HTTP session
INFO:RobotFramework:Creating Session using : alias=rpasession_alias.httpsstatic01.nyt.com, url=https://static01.nyt.com, headers={},                     cookies={}, auth=None, timeout=None, proxies=None, verify=True,                     debug=0 
INFO:RPA.HTTP:Creating a new HTTP session
INFO:RobotFramework:Creating Session using : alias=rpasession_alias.httpsstatic01.nyt.com, url=https://static01.nyt.com, headers={},                     cookies={}, auth=None, timeout=None, proxies=None, verify=True,                     debug=0 
INFO:RPA.HTTP:Creating a new HTTP session
INFO:RobotFramework:Creating Session using : alias=rpasession_alias.httpsstatic01.nyt.com, url=https://static01.nyt.com, headers={},                     cookies={}, auth=None, timeout=None, proxies=None, verify=True,                     debug=0 
WARNING:urllib3.connectionpool:Retrying (Retry(total=2, connect=None, read=None, redirect=None, status=None)) after connection broken by 'NewConnectionError('<urllib3.connection.HTTPConnection object at 0x100effd60>: Failed to establish a new connection: [Errno 61] Connection refused')': /session/30de6dbcf102faeabb116d8085c731e3
WARNING:urllib3.connectionpool:Retrying (Retry(total=1, connect=None, read=None, redirect=None, status=None)) after connection broken by 'NewConnectionError('<urllib3.connection.HTTPConnection object at 0x100edf7f0>: Failed to establish a new connection: [Errno 61] Connection refused')': /session/30de6dbcf102faeabb116d8085c731e3
WARNING:urllib3.connectionpool:Retrying (Retry(total=0, connect=None, read=None, redirect=None, status=None)) after connection broken by 'NewConnectionError('<urllib3.connection.HTTPConnection object at 0x100edd820>: Failed to establish a new connection: [Errno 61] Connection refused')': /session/30de6dbcf102faeabb116d8085c731e3
INFO:RPA.Browser.Selenium:Webdriver version taken into use: ChromeDriver 123.0.6312.122 (31f8248cdd90acbac59f700b603fed0b5967ca50-refs/branch-heads/6312@{#824})

INFO:RobotFramework:Creating an instance of the Chrome WebDriver.
INFO:RPA.Browser.Selenium:Created Chrome browser (version 124.0.6367) with arguments: --disable-dev-shm-usage --disable-web-security --allow-running-insecure-content --no-sandbox
INFO:RobotFramework:<p>Attempted combinations:</p><div class="doc"><table><tr><th>Browser</th><th>Download</th><th>Error</th></tr><tr><td>Chrome</td><td>False</td><td></td></tr></table></div>
INFO:RobotFramework:Opening url 'https://www.nytimes.com/'
INFO:__main__:2024-04-17 12:42:37.833605: Opened browser and navigated to https://www.nytimes.com/.
INFO:RobotFramework:Clicking button 'css:[data-testid='search-button']'.
INFO:RobotFramework:Typing text 'drake' into text field 'css:[data-testid='search-input']'.
INFO:RobotFramework:Sending key(s) ('ENTER',) to css:[data-testid='search-input'] element.
INFO:RobotFramework:Pressing special key ENTER to element.
INFO:RobotFramework:Releasing special key ENTER.
INFO:RobotFramework:Clicking element 'class:css-v7it2b'.
INFO:RobotFramework:Clicking element 'css:[value='newest']'.
INFO:__main__:2024-04-17 12:42:41.272586: Selected sort by 'newest' successfully.
INFO:__main__:2024-04-17 12:42:43.282697: Navigated to search results.
INFO:RobotFramework:Executing JavaScript:
window.scrollTo(0, document.body.scrollHeight);
Without any arguments.
INFO:RobotFramework:Clicking button 'css:[data-testid='search-show-more-button']'.
INFO:RobotFramework:Executing JavaScript:
window.scrollTo(0, document.body.scrollHeight);
Without any arguments.
INFO:RobotFramework:Clicking button 'css:[data-testid='search-show-more-button']'.
INFO:RPA.HTTP:Creating a new HTTP session
INFO:RobotFramework:Creating Session using : alias=rpasession_alias.httpsstatic01.nyt.com, url=https://static01.nyt.com, headers={},                     cookies={}, auth=None, timeout=None, proxies=None, verify=True,                     debug=0 
INFO:RPA.Browser.Selenium:Webdriver version taken into use: ChromeDriver 123.0.6312.122 (31f8248cdd90acbac59f700b603fed0b5967ca50-refs/branch-heads/6312@{#824})

INFO:RobotFramework:Creating an instance of the Chrome WebDriver.
INFO:RPA.Browser.Selenium:Created Chrome browser (version 124.0.6367) with arguments: --disable-dev-shm-usage --disable-web-security --allow-running-insecure-content --no-sandbox
INFO:RobotFramework:<p>Attempted combinations:</p><div class="doc"><table><tr><th>Browser</th><th>Download</th><th>Error</th></tr><tr><td>Chrome</td><td>False</td><td></td></tr></table></div>
INFO:RobotFramework:Opening url 'https://www.nytimes.com/'
INFO:RPA.Browser.Selenium:Webdriver version taken into use: ChromeDriver 123.0.6312.122 (31f8248cdd90acbac59f700b603fed0b5967ca50-refs/branch-heads/6312@{#824})

INFO:RobotFramework:Creating an instance of the Chrome WebDriver.
INFO:RPA.Browser.Selenium:Created Chrome browser (version 124.0.6367) with arguments: --disable-dev-shm-usage --disable-web-security --allow-running-insecure-content --no-sandbox
INFO:RobotFramework:<p>Attempted combinations:</p><div class="doc"><table><tr><th>Browser</th><th>Download</th><th>Error</th></tr><tr><td>Chrome</td><td>False</td><td></td></tr></table></div>
INFO:RobotFramework:Opening url 'https://www.nytimes.com/'
INFO:__main__:2024-04-17 13:01:37.861964: Opened browser and navigated to https://www.nytimes.com/.
INFO:RobotFramework:Clicking button 'css:[data-testid='search-button']'.
INFO:RobotFramework:Typing text 'drake' into text field 'css:[data-testid='search-input']'.
INFO:RobotFramework:Sending key(s) ('ENTER',) to css:[data-testid='search-input'] element.
INFO:RobotFramework:Pressing special key ENTER to element.
INFO:RobotFramework:Releasing special key ENTER.
INFO:RobotFramework:Clicking element 'class:css-v7it2b'.
INFO:RobotFramework:Clicking element 'css:[value='newest']'.
INFO:__main__:2024-04-17 13:01:41.774502: Selected sort by 'newest' successfully.
INFO:__main__:2024-04-17 13:01:43.781396: Navigated to search results.
INFO:RobotFramework:Executing JavaScript:
window.scrollTo(0, document.body.scrollHeight);
Without any arguments.
INFO:RobotFramework:Clicking button 'css:[data-testid='search-show-more-button']'.
INFO:RobotFramework:Executing JavaScript:
window.scrollTo(0, document.body.scrollHeight);
Without any arguments.
INFO:RobotFramework:Clicking button 'css:[data-testid='search-show-more-button']'.
INFO:RPA.HTTP:Creating a new HTTP session
INFO:RobotFramework:Creating Session using : alias=rpasession_alias.httpsstatic01.nyt.com, url=https://static01.nyt.com, headers={},                     cookies={}, auth=None, timeout=None, proxies=None, verify=True,                     debug=0 
INFO:RPA.HTTP:Creating a new HTTP session
INFO:RobotFramework:Creating Session using : alias=rpasession_alias.httpsstatic01.nyt.com, url=https://static01.nyt.com, headers={},                     cookies={}, auth=None, timeout=None, proxies=None, verify=True,                     debug=0 
INFO:RPA.HTTP:Creating a new HTTP session
INFO:RobotFramework:Creating Session using : alias=rpasession_alias.httpsstatic01.nyt.com, url=https://static01.nyt.com, headers={},                     cookies={}, auth=None, timeout=None, proxies=None, verify=True,                     debug=0 
INFO:RPA.HTTP:Creating a new HTTP session
INFO:RobotFramework:Creating Session using : alias=rpasession_alias.httpsstatic01.nyt.com, url=https://static01.nyt.com, headers={},                     cookies={}, auth=None, timeout=None, proxies=None, verify=True,                     debug=0 
INFO:RPA.HTTP:Creating a new HTTP session
INFO:RobotFramework:Creating Session using : alias=rpasession_alias.httpsstatic01.nyt.com, url=https://static01.nyt.com, headers={},                     cookies={}, auth=None, timeout=None, proxies=None, verify=True,                     debug=0 
INFO:RPA.HTTP:Creating a new HTTP session
INFO:RobotFramework:Creating Session using : alias=rpasession_alias.httpsstatic01.nyt.com, url=https://static01.nyt.com, headers={},                     cookies={}, auth=None, timeout=None, proxies=None, verify=True,                     debug=0 
INFO:RPA.HTTP:Creating a new HTTP session
INFO:RobotFramework:Creating Session using : alias=rpasession_alias.httpsstatic01.nyt.com, url=https://static01.nyt.com, headers={},                     cookies={}, auth=None, timeout=None, proxies=None, verify=True,                     debug=0 
INFO:RPA.HTTP:Creating a new HTTP session
INFO:RobotFramework:Creating Session using : alias=rpasession_alias.httpsstatic01.nyt.com, url=https://static01.nyt.com, headers={},                     cookies={}, auth=None, timeout=None, proxies=None, verify=True,                     debug=0 
INFO:RPA.HTTP:Creating a new HTTP session
INFO:RobotFramework:Creating Session using : alias=rpasession_alias.httpsstatic01.nyt.com, url=https://static01.nyt.com, headers={},                     cookies={}, auth=None, timeout=None, proxies=None, verify=True,                     debug=0 
INFO:RPA.HTTP:Creating a new HTTP session
INFO:RobotFramework:Creating Session using : alias=rpasession_alias.httpsstatic01.nyt.com, url=https://static01.nyt.com, headers={},                     cookies={}, auth=None, timeout=None, proxies=None, verify=True,                     debug=0 
INFO:RPA.HTTP:Creating a new HTTP session
INFO:RobotFramework:Creating Session using : alias=rpasession_alias.httpsstatic01.nyt.com, url=https://static01.nyt.com, headers={},                     cookies={}, auth=None, timeout=None, proxies=None, verify=True,                     debug=0 
INFO:RPA.HTTP:Creating a new HTTP session
INFO:RobotFramework:Creating Session using : alias=rpasession_alias.httpsstatic01.nyt.com, url=https://static01.nyt.com, headers={},                     cookies={}, auth=None, timeout=None, proxies=None, verify=True,                     debug=0 
INFO:RPA.HTTP:Creating a new HTTP session
INFO:RobotFramework:Creating Session using : alias=rpasession_alias.httpsstatic01.nyt.com, url=https://static01.nyt.com, headers={},                     cookies={}, auth=None, timeout=None, proxies=None, verify=True,                     debug=0 
INFO:RPA.HTTP:Creating a new HTTP session
INFO:RobotFramework:Creating Session using : alias=rpasession_alias.httpsstatic01.nyt.com, url=https://static01.nyt.com, headers={},                     cookies={}, auth=None, timeout=None, proxies=None, verify=True,                     debug=0 
INFO:RPA.HTTP:Creating a new HTTP session
INFO:RobotFramework:Creating Session using : alias=rpasession_alias.httpsstatic01.nyt.com, url=https://static01.nyt.com, headers={},                     cookies={}, auth=None, timeout=None, proxies=None, verify=True,                     debug=0 
INFO:RPA.HTTP:Creating a new HTTP session
INFO:RobotFramework:Creating Session using : alias=rpasession_alias.httpsstatic01.nyt.com, url=https://static01.nyt.com, headers={},                     cookies={}, auth=None, timeout=None, proxies=None, verify=True,                     debug=0 
INFO:RPA.HTTP:Creating a new HTTP session
INFO:RobotFramework:Creating Session using : alias=rpasession_alias.httpsstatic01.nyt.com, url=https://static01.nyt.com, headers={},                     cookies={}, auth=None, timeout=None, proxies=None, verify=True,                     debug=0 
INFO:RPA.HTTP:Creating a new HTTP session
INFO:RobotFramework:Creating Session using : alias=rpasession_alias.httpsstatic01.nyt.com, url=https://static01.nyt.com, headers={},                     cookies={}, auth=None, timeout=None, proxies=None, verify=True,                     debug=0 
INFO:RPA.HTTP:Creating a new HTTP session
INFO:RobotFramework:Creating Session using : alias=rpasession_alias.httpsstatic01.nyt.com, url=https://static01.nyt.com, headers={},                     cookies={}, auth=None, timeout=None, proxies=None, verify=True,                     debug=0 
INFO:RPA.HTTP:Creating a new HTTP session
INFO:RobotFramework:Creating Session using : alias=rpasession_alias.httpsstatic01.nyt.com, url=https://static01.nyt.com, headers={},                     cookies={}, auth=None, timeout=None, proxies=None, verify=True,                     debug=0 
INFO:RPA.HTTP:Creating a new HTTP session
INFO:RobotFramework:Creating Session using : alias=rpasession_alias.httpsstatic01.nyt.com, url=https://static01.nyt.com, headers={},                     cookies={}, auth=None, timeout=None, proxies=None, verify=True,                     debug=0 
INFO:RPA.HTTP:Creating a new HTTP session
INFO:RobotFramework:Creating Session using : alias=rpasession_alias.httpsstatic01.nyt.com, url=https://static01.nyt.com, headers={},                     cookies={}, auth=None, timeout=None, proxies=None, verify=True,                     debug=0 
INFO:RPA.HTTP:Creating a new HTTP session
INFO:RobotFramework:Creating Session using : alias=rpasession_alias.httpsstatic01.nyt.com, url=https://static01.nyt.com, headers={},                     cookies={}, auth=None, timeout=None, proxies=None, verify=True,                     debug=0 
INFO:RPA.HTTP:Creating a new HTTP session
INFO:RobotFramework:Creating Session using : alias=rpasession_alias.httpsstatic01.nyt.com, url=https://static01.nyt.com, headers={},                     cookies={}, auth=None, timeout=None, proxies=None, verify=True,                     debug=0 
INFO:RPA.HTTP:Creating a new HTTP session
INFO:RobotFramework:Creating Session using : alias=rpasession_alias.httpsstatic01.nyt.com, url=https://static01.nyt.com, headers={},                     cookies={}, auth=None, timeout=None, proxies=None, verify=True,                     debug=0 
INFO:RPA.HTTP:Creating a new HTTP session
INFO:RobotFramework:Creating Session using : alias=rpasession_alias.httpsstatic01.nyt.com, url=https://static01.nyt.com, headers={},                     cookies={}, auth=None, timeout=None, proxies=None, verify=True,                     debug=0 
INFO:RPA.HTTP:Creating a new HTTP session
INFO:RobotFramework:Creating Session using : alias=rpasession_alias.httpsstatic01.nyt.com, url=https://static01.nyt.com, headers={},                     cookies={}, auth=None, timeout=None, proxies=None, verify=True,                     debug=0 
INFO:RPA.Browser.Selenium:Webdriver version taken into use: ChromeDriver 123.0.6312.122 (31f8248cdd90acbac59f700b603fed0b5967ca50-refs/branch-heads/6312@{#824})

INFO:RobotFramework:Creating an instance of the Chrome WebDriver.
INFO:RPA.Browser.Selenium:Created Chrome browser (version 124.0.6367) with arguments: --disable-dev-shm-usage --disable-web-security --allow-running-insecure-content --no-sandbox
INFO:RobotFramework:<p>Attempted combinations:</p><div class="doc"><table><tr><th>Browser</th><th>Download</th><th>Error</th></tr><tr><td>Chrome</td><td>False</td><td></td></tr></table></div>
INFO:RobotFramework:Opening url 'https://www.nytimes.com/'
INFO:__main__:2024-04-17 13:03:52.685496: Opened browser and navigated to https://www.nytimes.com/.
INFO:RobotFramework:Clicking button 'css:[data-testid='search-button']'.
INFO:RobotFramework:Typing text 'drake' into text field 'css:[data-testid='search-input']'.
INFO:RobotFramework:Sending key(s) ('ENTER',) to css:[data-testid='search-input'] element.
INFO:RobotFramework:Pressing special key ENTER to element.
INFO:RobotFramework:Releasing special key ENTER.
INFO:RobotFramework:Clicking element 'class:css-v7it2b'.
INFO:RobotFramework:Clicking element 'css:[value='newest']'.
INFO:__main__:2024-04-17 13:03:54.835496: Selected sort by 'newest' successfully.
INFO:__main__:2024-04-17 13:03:56.842975: Navigated to search results.
INFO:RobotFramework:Executing JavaScript:
window.scrollTo(0, document.body.scrollHeight);
Without any arguments.
INFO:RobotFramework:Clicking button 'css:[data-testid='search-show-more-button']'.
INFO:RobotFramework:Executing JavaScript:
window.scrollTo(0, document.body.scrollHeight);
Without any arguments.
INFO:RobotFramework:Clicking button 'css:[data-testid='search-show-more-button']'.
INFO:RPA.HTTP:Creating a new HTTP session
INFO:RobotFramework:Creating Session using : alias=rpasession_alias.httpsstatic01.nyt.com, url=https://static01.nyt.com, headers={},                     cookies={}, auth=None, timeout=None, proxies=None, verify=True,                     debug=0 
INFO:RPA.HTTP:Creating a new HTTP session
INFO:RobotFramework:Creating Session using : alias=rpasession_alias.httpsstatic01.nyt.com, url=https://static01.nyt.com, headers={},                     cookies={}, auth=None, timeout=None, proxies=None, verify=True,                     debug=0 
INFO:RPA.HTTP:Creating a new HTTP session
INFO:RobotFramework:Creating Session using : alias=rpasession_alias.httpsstatic01.nyt.com, url=https://static01.nyt.com, headers={},                     cookies={}, auth=None, timeout=None, proxies=None, verify=True,                     debug=0 
INFO:RPA.HTTP:Creating a new HTTP session
INFO:RobotFramework:Creating Session using : alias=rpasession_alias.httpsstatic01.nyt.com, url=https://static01.nyt.com, headers={},                     cookies={}, auth=None, timeout=None, proxies=None, verify=True,                     debug=0 
INFO:RPA.HTTP:Creating a new HTTP session
INFO:RobotFramework:Creating Session using : alias=rpasession_alias.httpsstatic01.nyt.com, url=https://static01.nyt.com, headers={},                     cookies={}, auth=None, timeout=None, proxies=None, verify=True,                     debug=0 
INFO:RPA.HTTP:Creating a new HTTP session
INFO:RobotFramework:Creating Session using : alias=rpasession_alias.httpsstatic01.nyt.com, url=https://static01.nyt.com, headers={},                     cookies={}, auth=None, timeout=None, proxies=None, verify=True,                     debug=0 
INFO:RPA.HTTP:Creating a new HTTP session
INFO:RobotFramework:Creating Session using : alias=rpasession_alias.httpsstatic01.nyt.com, url=https://static01.nyt.com, headers={},                     cookies={}, auth=None, timeout=None, proxies=None, verify=True,                     debug=0 
INFO:RPA.HTTP:Creating a new HTTP session
INFO:RobotFramework:Creating Session using : alias=rpasession_alias.httpsstatic01.nyt.com, url=https://static01.nyt.com, headers={},                     cookies={}, auth=None, timeout=None, proxies=None, verify=True,                     debug=0 
INFO:RPA.HTTP:Creating a new HTTP session
INFO:RobotFramework:Creating Session using : alias=rpasession_alias.httpsstatic01.nyt.com, url=https://static01.nyt.com, headers={},                     cookies={}, auth=None, timeout=None, proxies=None, verify=True,                     debug=0 
INFO:RPA.HTTP:Creating a new HTTP session
INFO:RobotFramework:Creating Session using : alias=rpasession_alias.httpsstatic01.nyt.com, url=https://static01.nyt.com, headers={},                     cookies={}, auth=None, timeout=None, proxies=None, verify=True,                     debug=0 
INFO:RPA.HTTP:Creating a new HTTP session
INFO:RobotFramework:Creating Session using : alias=rpasession_alias.httpsstatic01.nyt.com, url=https://static01.nyt.com, headers={},                     cookies={}, auth=None, timeout=None, proxies=None, verify=True,                     debug=0 
INFO:RPA.HTTP:Creating a new HTTP session
INFO:RobotFramework:Creating Session using : alias=rpasession_alias.httpsstatic01.nyt.com, url=https://static01.nyt.com, headers={},                     cookies={}, auth=None, timeout=None, proxies=None, verify=True,                     debug=0 
INFO:RPA.HTTP:Creating a new HTTP session
INFO:RobotFramework:Creating Session using : alias=rpasession_alias.httpsstatic01.nyt.com, url=https://static01.nyt.com, headers={},                     cookies={}, auth=None, timeout=None, proxies=None, verify=True,                     debug=0 
INFO:RPA.HTTP:Creating a new HTTP session
INFO:RobotFramework:Creating Session using : alias=rpasession_alias.httpsstatic01.nyt.com, url=https://static01.nyt.com, headers={},                     cookies={}, auth=None, timeout=None, proxies=None, verify=True,                     debug=0 
INFO:RPA.HTTP:Creating a new HTTP session
INFO:RobotFramework:Creating Session using : alias=rpasession_alias.httpsstatic01.nyt.com, url=https://static01.nyt.com, headers={},                     cookies={}, auth=None, timeout=None, proxies=None, verify=True,                     debug=0 
INFO:RPA.HTTP:Creating a new HTTP session
INFO:RobotFramework:Creating Session using : alias=rpasession_alias.httpsstatic01.nyt.com, url=https://static01.nyt.com, headers={},                     cookies={}, auth=None, timeout=None, proxies=None, verify=True,                     debug=0 
INFO:RPA.HTTP:Creating a new HTTP session
INFO:RobotFramework:Creating Session using : alias=rpasession_alias.httpsstatic01.nyt.com, url=https://static01.nyt.com, headers={},                     cookies={}, auth=None, timeout=None, proxies=None, verify=True,                     debug=0 
INFO:RPA.HTTP:Creating a new HTTP session
INFO:RobotFramework:Creating Session using : alias=rpasession_alias.httpsstatic01.nyt.com, url=https://static01.nyt.com, headers={},                     cookies={}, auth=None, timeout=None, proxies=None, verify=True,                     debug=0 
INFO:RPA.HTTP:Creating a new HTTP session
INFO:RobotFramework:Creating Session using : alias=rpasession_alias.httpsstatic01.nyt.com, url=https://static01.nyt.com, headers={},                     cookies={}, auth=None, timeout=None, proxies=None, verify=True,                     debug=0 
INFO:RPA.HTTP:Creating a new HTTP session
INFO:RobotFramework:Creating Session using : alias=rpasession_alias.httpsstatic01.nyt.com, url=https://static01.nyt.com, headers={},                     cookies={}, auth=None, timeout=None, proxies=None, verify=True,                     debug=0 
INFO:RPA.HTTP:Creating a new HTTP session
INFO:RobotFramework:Creating Session using : alias=rpasession_alias.httpsstatic01.nyt.com, url=https://static01.nyt.com, headers={},                     cookies={}, auth=None, timeout=None, proxies=None, verify=True,                     debug=0 
INFO:RPA.HTTP:Creating a new HTTP session
INFO:RobotFramework:Creating Session using : alias=rpasession_alias.httpsstatic01.nyt.com, url=https://static01.nyt.com, headers={},                     cookies={}, auth=None, timeout=None, proxies=None, verify=True,                     debug=0 
INFO:RPA.HTTP:Creating a new HTTP session
INFO:RobotFramework:Creating Session using : alias=rpasession_alias.httpsstatic01.nyt.com, url=https://static01.nyt.com, headers={},                     cookies={}, auth=None, timeout=None, proxies=None, verify=True,                     debug=0 
INFO:RPA.HTTP:Creating a new HTTP session
INFO:RobotFramework:Creating Session using : alias=rpasession_alias.httpsstatic01.nyt.com, url=https://static01.nyt.com, headers={},                     cookies={}, auth=None, timeout=None, proxies=None, verify=True,                     debug=0 
INFO:RPA.HTTP:Creating a new HTTP session
INFO:RobotFramework:Creating Session using : alias=rpasession_alias.httpsstatic01.nyt.com, url=https://static01.nyt.com, headers={},                     cookies={}, auth=None, timeout=None, proxies=None, verify=True,                     debug=0 
INFO:RPA.HTTP:Creating a new HTTP session
INFO:RobotFramework:Creating Session using : alias=rpasession_alias.httpsstatic01.nyt.com, url=https://static01.nyt.com, headers={},                     cookies={}, auth=None, timeout=None, proxies=None, verify=True,                     debug=0 
INFO:RPA.HTTP:Creating a new HTTP session
INFO:RobotFramework:Creating Session using : alias=rpasession_alias.httpsstatic01.nyt.com, url=https://static01.nyt.com, headers={},                     cookies={}, auth=None, timeout=None, proxies=None, verify=True,                     debug=0 
INFO:__main__:2024-04-17 13:04:29.628854: Appended search results to Excel worksheet.
INFO:__main__:2024-04-17 13:04:29.647181: Saved Excel file as NY_TIMES_ARTICLES.xlsx.
INFO:RPA.Excel.Files:Closing workbook: <RPA.Excel.Files.XlsxWorkbook object at 0x11746d490>
INFO:__main__:2024-04-17 13:04:30.031242: Closed browser and Excel file.
INFO:RPA.Browser.Selenium:Webdriver version taken into use: ChromeDriver 123.0.6312.122 (31f8248cdd90acbac59f700b603fed0b5967ca50-refs/branch-heads/6312@{#824})

INFO:RobotFramework:Creating an instance of the Chrome WebDriver.
INFO:RPA.Browser.Selenium:Created Chrome browser (version 124.0.6367) with arguments: --disable-dev-shm-usage --disable-web-security --allow-running-insecure-content --no-sandbox
INFO:RobotFramework:<p>Attempted combinations:</p><div class="doc"><table><tr><th>Browser</th><th>Download</th><th>Error</th></tr><tr><td>Chrome</td><td>False</td><td></td></tr></table></div>
INFO:RobotFramework:Opening url 'https://www.nytimes.com/'
INFO:__main__:2024-04-17 14:15:19.124493: Opened browser and navigated to https://www.nytimes.com/.
INFO:RobotFramework:Clicking button 'css:[data-testid='search-button']'.
INFO:RobotFramework:Typing text 'masters' into text field 'css:[data-testid='search-input']'.
INFO:RobotFramework:Sending key(s) ('ENTER',) to css:[data-testid='search-input'] element.
INFO:RobotFramework:Pressing special key ENTER to element.
INFO:RobotFramework:Releasing special key ENTER.
INFO:RobotFramework:Clicking element 'class:css-v7it2b'.
INFO:RobotFramework:Clicking element 'css:[value='newest']'.
INFO:__main__:2024-04-17 14:15:28.530734: Selected sort by 'newest' successfully.
INFO:__main__:2024-04-17 14:15:30.537562: Navigated to search results.
INFO:RobotFramework:Executing JavaScript:
window.scrollTo(0, document.body.scrollHeight);
Without any arguments.
INFO:RobotFramework:Clicking button 'css:[data-testid='search-show-more-button']'.
INFO:RobotFramework:Executing JavaScript:
window.scrollTo(0, document.body.scrollHeight);
Without any arguments.
INFO:RobotFramework:Clicking button 'css:[data-testid='search-show-more-button']'.
INFO:RobotFramework:Executing JavaScript:
window.scrollTo(0, document.body.scrollHeight);
Without any arguments.
INFO:RobotFramework:Clicking button 'css:[data-testid='search-show-more-button']'.
INFO:RobotFramework:Executing JavaScript:
window.scrollTo(0, document.body.scrollHeight);
Without any arguments.
INFO:RobotFramework:Clicking button 'css:[data-testid='search-show-more-button']'.
INFO:RobotFramework:Executing JavaScript:
window.scrollTo(0, document.body.scrollHeight);
Without any arguments.
INFO:RobotFramework:Clicking button 'css:[data-testid='search-show-more-button']'.
INFO:RobotFramework:Executing JavaScript:
window.scrollTo(0, document.body.scrollHeight);
Without any arguments.
INFO:RobotFramework:Clicking button 'css:[data-testid='search-show-more-button']'.
INFO:RobotFramework:Executing JavaScript:
window.scrollTo(0, document.body.scrollHeight);
Without any arguments.
INFO:RobotFramework:Clicking button 'css:[data-testid='search-show-more-button']'.
INFO:RobotFramework:Executing JavaScript:
window.scrollTo(0, document.body.scrollHeight);
Without any arguments.
INFO:RobotFramework:Clicking button 'css:[data-testid='search-show-more-button']'.
INFO:RobotFramework:Executing JavaScript:
window.scrollTo(0, document.body.scrollHeight);
Without any arguments.
INFO:RobotFramework:Clicking button 'css:[data-testid='search-show-more-button']'.
INFO:RobotFramework:Executing JavaScript:
window.scrollTo(0, document.body.scrollHeight);
Without any arguments.
INFO:RobotFramework:Clicking button 'css:[data-testid='search-show-more-button']'.
INFO:RobotFramework:Executing JavaScript:
window.scrollTo(0, document.body.scrollHeight);
Without any arguments.
INFO:RobotFramework:Clicking button 'css:[data-testid='search-show-more-button']'.
INFO:RobotFramework:Executing JavaScript:
window.scrollTo(0, document.body.scrollHeight);
Without any arguments.
INFO:RobotFramework:Clicking button 'css:[data-testid='search-show-more-button']'.
INFO:RobotFramework:Executing JavaScript:
window.scrollTo(0, document.body.scrollHeight);
Without any arguments.
INFO:RobotFramework:Clicking button 'css:[data-testid='search-show-more-button']'.
INFO:RobotFramework:Executing JavaScript:
window.scrollTo(0, document.body.scrollHeight);
Without any arguments.
INFO:RobotFramework:Clicking button 'css:[data-testid='search-show-more-button']'.
INFO:RobotFramework:Executing JavaScript:
window.scrollTo(0, document.body.scrollHeight);
Without any arguments.
INFO:RobotFramework:Clicking button 'css:[data-testid='search-show-more-button']'.
INFO:RobotFramework:Executing JavaScript:
window.scrollTo(0, document.body.scrollHeight);
Without any arguments.
INFO:RobotFramework:Clicking button 'css:[data-testid='search-show-more-button']'.
INFO:RobotFramework:Executing JavaScript:
window.scrollTo(0, document.body.scrollHeight);
Without any arguments.
INFO:RobotFramework:Clicking button 'css:[data-testid='search-show-more-button']'.
INFO:RobotFramework:Executing JavaScript:
window.scrollTo(0, document.body.scrollHeight);
Without any arguments.
INFO:RobotFramework:Clicking button 'css:[data-testid='search-show-more-button']'.
INFO:RobotFramework:Executing JavaScript:
window.scrollTo(0, document.body.scrollHeight);
Without any arguments.
INFO:RobotFramework:Clicking button 'css:[data-testid='search-show-more-button']'.
INFO:RobotFramework:Executing JavaScript:
window.scrollTo(0, document.body.scrollHeight);
Without any arguments.
INFO:RobotFramework:Clicking button 'css:[data-testid='search-show-more-button']'.
INFO:RobotFramework:Executing JavaScript:
window.scrollTo(0, document.body.scrollHeight);
Without any arguments.
INFO:RobotFramework:Clicking button 'css:[data-testid='search-show-more-button']'.
INFO:RobotFramework:Executing JavaScript:
window.scrollTo(0, document.body.scrollHeight);
Without any arguments.
INFO:RobotFramework:Clicking button 'css:[data-testid='search-show-more-button']'.
INFO:RobotFramework:Executing JavaScript:
window.scrollTo(0, document.body.scrollHeight);
Without any arguments.
INFO:RobotFramework:Clicking button 'css:[data-testid='search-show-more-button']'.
INFO:RobotFramework:Executing JavaScript:
window.scrollTo(0, document.body.scrollHeight);
Without any arguments.
INFO:RobotFramework:Clicking button 'css:[data-testid='search-show-more-button']'.
INFO:RobotFramework:Executing JavaScript:
window.scrollTo(0, document.body.scrollHeight);
Without any arguments.
INFO:RobotFramework:Clicking button 'css:[data-testid='search-show-more-button']'.
INFO:RobotFramework:Executing JavaScript:
window.scrollTo(0, document.body.scrollHeight);
Without any arguments.
INFO:RobotFramework:Clicking button 'css:[data-testid='search-show-more-button']'.
INFO:RobotFramework:Executing JavaScript:
window.scrollTo(0, document.body.scrollHeight);
Without any arguments.
INFO:RobotFramework:Clicking button 'css:[data-testid='search-show-more-button']'.
INFO:RobotFramework:Executing JavaScript:
window.scrollTo(0, document.body.scrollHeight);
Without any arguments.
INFO:RobotFramework:Clicking button 'css:[data-testid='search-show-more-button']'.
INFO:RobotFramework:Executing JavaScript:
window.scrollTo(0, document.body.scrollHeight);
Without any arguments.
INFO:RobotFramework:Clicking button 'css:[data-testid='search-show-more-button']'.
INFO:RobotFramework:Executing JavaScript:
window.scrollTo(0, document.body.scrollHeight);
Without any arguments.
INFO:RobotFramework:Clicking button 'css:[data-testid='search-show-more-button']'.
INFO:RobotFramework:Executing JavaScript:
window.scrollTo(0, document.body.scrollHeight);
Without any arguments.
INFO:RobotFramework:Clicking button 'css:[data-testid='search-show-more-button']'.
INFO:RobotFramework:Executing JavaScript:
window.scrollTo(0, document.body.scrollHeight);
Without any arguments.
INFO:RobotFramework:Clicking button 'css:[data-testid='search-show-more-button']'.
INFO:RobotFramework:Executing JavaScript:
window.scrollTo(0, document.body.scrollHeight);
Without any arguments.
INFO:RobotFramework:Clicking button 'css:[data-testid='search-show-more-button']'.
INFO:RobotFramework:Executing JavaScript:
window.scrollTo(0, document.body.scrollHeight);
Without any arguments.
INFO:RobotFramework:Clicking button 'css:[data-testid='search-show-more-button']'.
INFO:RPA.HTTP:Creating a new HTTP session
INFO:RobotFramework:Creating Session using : alias=rpasession_alias.httpsstatic01.nyt.com, url=https://static01.nyt.com, headers={},                     cookies={}, auth=None, timeout=None, proxies=None, verify=True,                     debug=0 
INFO:RPA.HTTP:Creating a new HTTP session
INFO:RobotFramework:Creating Session using : alias=rpasession_alias.httpsstatic01.nyt.com, url=https://static01.nyt.com, headers={},                     cookies={}, auth=None, timeout=None, proxies=None, verify=True,                     debug=0 
INFO:RPA.HTTP:Creating a new HTTP session
INFO:RobotFramework:Creating Session using : alias=rpasession_alias.httpsstatic01.nyt.com, url=https://static01.nyt.com, headers={},                     cookies={}, auth=None, timeout=None, proxies=None, verify=True,                     debug=0 
INFO:RPA.HTTP:Creating a new HTTP session
INFO:RobotFramework:Creating Session using : alias=rpasession_alias.httpsstatic01.nyt.com, url=https://static01.nyt.com, headers={},                     cookies={}, auth=None, timeout=None, proxies=None, verify=True,                     debug=0 
INFO:RPA.HTTP:Creating a new HTTP session
INFO:RobotFramework:Creating Session using : alias=rpasession_alias.httpsstatic01.nyt.com, url=https://static01.nyt.com, headers={},                     cookies={}, auth=None, timeout=None, proxies=None, verify=True,                     debug=0 
INFO:RPA.HTTP:Creating a new HTTP session
INFO:RobotFramework:Creating Session using : alias=rpasession_alias.httpsstatic01.nyt.com, url=https://static01.nyt.com, headers={},                     cookies={}, auth=None, timeout=None, proxies=None, verify=True,                     debug=0 
INFO:RPA.HTTP:Creating a new HTTP session
INFO:RobotFramework:Creating Session using : alias=rpasession_alias.httpsstatic01.nyt.com, url=https://static01.nyt.com, headers={},                     cookies={}, auth=None, timeout=None, proxies=None, verify=True,                     debug=0 
INFO:RPA.HTTP:Creating a new HTTP session
INFO:RobotFramework:Creating Session using : alias=rpasession_alias.httpsstatic01.nyt.com, url=https://static01.nyt.com, headers={},                     cookies={}, auth=None, timeout=None, proxies=None, verify=True,                     debug=0 
INFO:RPA.HTTP:Creating a new HTTP session
INFO:RobotFramework:Creating Session using : alias=rpasession_alias.httpsstatic01.nyt.com, url=https://static01.nyt.com, headers={},                     cookies={}, auth=None, timeout=None, proxies=None, verify=True,                     debug=0 
INFO:RPA.HTTP:Creating a new HTTP session
INFO:RobotFramework:Creating Session using : alias=rpasession_alias.httpsstatic01.nyt.com, url=https://static01.nyt.com, headers={},                     cookies={}, auth=None, timeout=None, proxies=None, verify=True,                     debug=0 
WARNING:urllib3.connectionpool:Retrying (Retry(total=2, connect=None, read=None, redirect=None, status=None)) after connection broken by 'NewConnectionError('<urllib3.connection.HTTPConnection object at 0x11d514ac0>: Failed to establish a new connection: [Errno 61] Connection refused')': /session/1126bc05ed8d4400e5b6069e49876848
WARNING:urllib3.connectionpool:Retrying (Retry(total=1, connect=None, read=None, redirect=None, status=None)) after connection broken by 'NewConnectionError('<urllib3.connection.HTTPConnection object at 0x102720bb0>: Failed to establish a new connection: [Errno 61] Connection refused')': /session/1126bc05ed8d4400e5b6069e49876848
WARNING:urllib3.connectionpool:Retrying (Retry(total=0, connect=None, read=None, redirect=None, status=None)) after connection broken by 'NewConnectionError('<urllib3.connection.HTTPConnection object at 0x10261fd60>: Failed to establish a new connection: [Errno 61] Connection refused')': /session/1126bc05ed8d4400e5b6069e49876848
INFO:RPA.Browser.Selenium:Webdriver version taken into use: ChromeDriver 123.0.6312.122 (31f8248cdd90acbac59f700b603fed0b5967ca50-refs/branch-heads/6312@{#824})

INFO:RobotFramework:Creating an instance of the Chrome WebDriver.
INFO:RPA.Browser.Selenium:Created Chrome browser (version 124.0.6367) with arguments: --disable-dev-shm-usage --disable-web-security --allow-running-insecure-content --no-sandbox
INFO:RobotFramework:<p>Attempted combinations:</p><div class="doc"><table><tr><th>Browser</th><th>Download</th><th>Error</th></tr><tr><td>Chrome</td><td>False</td><td></td></tr></table></div>
INFO:RobotFramework:Opening url 'https://www.nytimes.com/'
INFO:__main__:2024-04-17 14:42:17.178310: Opened browser and navigated to https://www.nytimes.com/.
INFO:RobotFramework:Typing text 'masters' into text field 'css:[data-testid='search-input']'.
INFO:RobotFramework:Sending key(s) ('ENTER',) to css:[data-testid='search-input'] element.
INFO:RobotFramework:Pressing special key ENTER to element.
INFO:RobotFramework:Releasing special key ENTER.
INFO:RobotFramework:Clicking element 'class:css-v7it2b'.
INFO:RobotFramework:Clicking element 'css:[value='newest']'.
INFO:__main__:2024-04-17 14:42:18.968717: Selected sort by 'newest' successfully.
INFO:__main__:2024-04-17 14:42:20.979078: Navigated to search results.
INFO:RobotFramework:Executing JavaScript:
window.scrollTo(0, document.body.scrollHeight);
Without any arguments.
INFO:RobotFramework:Clicking button 'css:[data-testid='search-show-more-button']'.
INFO:RobotFramework:Executing JavaScript:
window.scrollTo(0, document.body.scrollHeight);
Without any arguments.
INFO:RobotFramework:Clicking button 'css:[data-testid='search-show-more-button']'.
INFO:RobotFramework:Executing JavaScript:
window.scrollTo(0, document.body.scrollHeight);
Without any arguments.
INFO:RobotFramework:Clicking button 'css:[data-testid='search-show-more-button']'.
WARNING:urllib3.connectionpool:Retrying (Retry(total=2, connect=None, read=None, redirect=None, status=None)) after connection broken by 'NewConnectionError('<urllib3.connection.HTTPConnection object at 0x1026f4880>: Failed to establish a new connection: [Errno 61] Connection refused')': /session/03dbc2c3bf95745a562ba5af1ebf2fa7
WARNING:urllib3.connectionpool:Retrying (Retry(total=1, connect=None, read=None, redirect=None, status=None)) after connection broken by 'NewConnectionError('<urllib3.connection.HTTPConnection object at 0x1027e8c40>: Failed to establish a new connection: [Errno 61] Connection refused')': /session/03dbc2c3bf95745a562ba5af1ebf2fa7
WARNING:urllib3.connectionpool:Retrying (Retry(total=0, connect=None, read=None, redirect=None, status=None)) after connection broken by 'NewConnectionError('<urllib3.connection.HTTPConnection object at 0x1026e7ac0>: Failed to establish a new connection: [Errno 61] Connection refused')': /session/03dbc2c3bf95745a562ba5af1ebf2fa7
